TN:
SF:libs\auth.controller.js
FN:11,(anonymous_0)
FN:16,(anonymous_1)
FN:26,(anonymous_2)
FN:31,(anonymous_3)
FNF:4
FNH:4
FNDA:1,(anonymous_0)
FNDA:17,(anonymous_1)
FNDA:1,(anonymous_2)
FNDA:1,(anonymous_3)
DA:12,1
DA:13,1
DA:17,17
DA:18,17
DA:20,17
DA:21,17
DA:22,17
DA:23,17
DA:27,1
DA:31,1
DA:32,1
LF:11
LH:11
BRF:0
BRH:0
end_of_record
TN:
SF:libs\express-sess.js
FN:5,(anonymous_0)
FNF:1
FNH:1
FNDA:1,(anonymous_0)
DA:2,1
DA:4,1
DA:5,1
DA:6,1
LF:4
LH:4
BRF:0
BRH:0
end_of_record
TN:
SF:libs\messages.js
FNF:0
FNH:0
DA:1,1
DA:7,1
LF:2
LH:2
BRF:0
BRH:0
end_of_record
TN:
SF:libs\server.js
FN:2,(anonymous_0)
FN:72,(anonymous_1)
FN:93,(anonymous_2)
FNF:3
FNH:3
FNDA:1,(anonymous_0)
FNDA:1,(anonymous_1)
FNDA:1,(anonymous_2)
DA:1,1
DA:2,1
DA:6,1
DA:7,1
DA:8,1
DA:9,1
DA:10,1
DA:12,1
DA:13,1
DA:14,1
DA:15,1
DA:16,1
DA:17,1
DA:18,1
DA:19,1
DA:21,1
DA:22,1
DA:23,1
DA:24,1
DA:25,1
DA:29,1
DA:30,1
DA:32,1
DA:33,1
DA:34,1
DA:37,1
DA:41,1
DA:42,1
DA:46,1
DA:48,0
DA:49,0
DA:54,1
DA:55,1
DA:56,1
DA:58,0
DA:62,1
DA:63,1
DA:64,1
DA:67,0
DA:72,1
DA:73,1
DA:93,1
DA:95,1
DA:97,1
DA:98,1
DA:99,1
DA:101,1
DA:102,1
DA:103,1
DA:106,1
LF:50
LH:46
BRDA:2,0,0,1
BRDA:95,1,0,1
BRDA:95,1,1,0
BRF:3
BRH:2
end_of_record
TN:
SF:libs\utils.js
FN:9,(anonymous_0)
FN:10,(anonymous_1)
FN:26,(anonymous_2)
FN:50,(anonymous_3)
FN:75,(anonymous_4)
FNF:5
FNH:5
FNDA:1,(anonymous_0)
FNDA:5,(anonymous_1)
FNDA:51,(anonymous_2)
FNDA:7,(anonymous_3)
FNDA:1,(anonymous_4)
DA:1,1
DA:2,1
DA:3,1
DA:5,1
DA:6,1
DA:7,1
DA:9,1
DA:10,1
DA:11,5
DA:12,4
DA:13,4
DA:16,5
DA:26,1
DA:27,51
DA:28,51
DA:29,37
DA:50,1
DA:51,7
DA:52,7
DA:53,7
DA:54,7
DA:75,1
DA:76,1
DA:78,1
DA:79,4
DA:81,1
LF:26
LH:26
BRDA:11,0,0,4
BRDA:11,0,1,1
BRDA:12,1,0,4
BRDA:12,1,1,0
BRDA:12,2,0,4
BRDA:12,2,1,0
BRDA:12,3,0,4
BRDA:12,3,1,0
BRDA:13,4,0,4
BRDA:13,4,1,0
BRDA:26,5,0,0
BRDA:27,6,0,0
BRDA:27,6,1,51
BRDA:28,7,0,14
BRDA:28,7,1,37
BRDA:51,8,0,0
BRDA:51,8,1,7
BRF:17
BRH:10
end_of_record
TN:
SF:libs\controllers\api.controllers.js
FN:14,(anonymous_0)
FN:27,(anonymous_1)
FN:42,(anonymous_2)
FN:50,(anonymous_3)
FN:65,(anonymous_4)
FN:74,(anonymous_5)
FN:80,(anonymous_6)
FN:93,(anonymous_7)
FN:96,(anonymous_8)
FN:100,(anonymous_9)
FN:105,(anonymous_10)
FN:122,(anonymous_11)
FNF:12
FNH:11
FNDA:1,(anonymous_0)
FNDA:3,(anonymous_1)
FNDA:3,(anonymous_2)
FNDA:0,(anonymous_3)
FNDA:7,(anonymous_4)
FNDA:3,(anonymous_5)
FNDA:4,(anonymous_6)
FNDA:6,(anonymous_7)
FNDA:5,(anonymous_8)
FNDA:5,(anonymous_9)
FNDA:1,(anonymous_10)
FNDA:1,(anonymous_11)
DA:8,1
DA:9,1
DA:10,1
DA:11,1
DA:15,1
DA:16,1
DA:29,3
DA:32,3
DA:33,3
DA:34,3
DA:36,3
DA:37,0
DA:40,3
DA:43,3
DA:51,0
DA:68,7
DA:69,7
DA:70,0
DA:73,7
DA:75,3
DA:81,4
DA:94,6
DA:95,6
DA:97,5
DA:98,5
DA:101,5
DA:106,1
DA:122,1
DA:123,1
LF:29
LH:26
BRDA:34,0,0,3
BRDA:34,0,1,1
BRDA:36,1,0,0
BRDA:36,1,1,3
BRDA:68,2,0,7
BRDA:68,2,1,0
BRDA:69,3,0,0
BRDA:69,3,1,7
BRDA:97,4,0,0
BRDA:97,4,1,5
BRF:10
BRH:6
end_of_record
TN:
SF:libs\controllers\xyz.app.js
FN:11,(anonymous_0)
FN:19,(anonymous_1)
FN:28,(anonymous_2)
FNF:3
FNH:2
FNDA:1,(anonymous_0)
FNDA:0,(anonymous_1)
FNDA:1,(anonymous_2)
DA:20,0
DA:28,1
DA:29,1
LF:3
LH:2
BRF:0
BRH:0
end_of_record
TN:
SF:libs\hacker-news-api\API.js
FN:28,(anonymous_0)
FN:35,(anonymous_1)
FN:94,(anonymous_2)
FNF:3
FNH:3
FNDA:2,(anonymous_0)
FNDA:60,(anonymous_1)
FNDA:57,(anonymous_2)
DA:9,1
DA:10,1
DA:11,1
DA:12,1
DA:13,1
DA:19,2
DA:20,2
DA:39,59
DA:40,1
DA:43,58
DA:47,6
DA:48,6
DA:55,6
DA:58,57
DA:64,5
DA:65,5
DA:71,5
DA:74,57
DA:75,46
DA:80,46
DA:81,46
DA:87,46
DA:90,57
DA:92,57
DA:94,57
DA:113,57
DA:117,1
LF:27
LH:27
BRDA:39,0,0,1
BRDA:39,0,1,58
BRDA:43,1,0,7
BRDA:43,1,1,51
BRDA:58,2,0,5
BRDA:58,2,1,52
BRDA:74,3,0,46
BRDA:74,3,1,11
BRF:8
BRH:8
end_of_record
TN:
SF:libs\hacker-news-api\API.libs.js
FN:19,(anonymous_0)
FN:32,(anonymous_1)
FN:49,(anonymous_2)
FN:94,(anonymous_3)
FN:94,(anonymous_4)
FN:96,(anonymous_5)
FN:101,(anonymous_6)
FNF:7
FNH:7
FNDA:2,(anonymous_0)
FNDA:5,(anonymous_1)
FNDA:45,(anonymous_2)
FNDA:3,(anonymous_3)
FNDA:45,(anonymous_4)
FNDA:95,(anonymous_5)
FNDA:3,(anonymous_6)
DA:10,1
DA:11,1
DA:18,2
DA:20,2
DA:35,5
DA:49,5
DA:50,45
DA:51,45
DA:52,45
DA:56,0
DA:58,0
DA:62,5
DA:65,5
DA:66,4
DA:68,4
DA:69,4
DA:72,4
DA:81,3
DA:82,3
DA:83,45
DA:84,45
DA:87,45
DA:88,45
DA:93,3
DA:94,45
DA:97,95
DA:98,0
DA:102,3
DA:107,1
DA:108,1
DA:113,1
LF:31
LH:28
BRDA:32,0,0,2
BRDA:32,1,0,1
BRDA:35,2,0,2
BRDA:35,2,1,3
BRDA:72,3,0,4
BRDA:72,3,1,1
BRDA:84,4,0,0
BRDA:84,4,1,45
BRDA:97,5,0,95
BRDA:97,5,1,0
BRDA:97,6,0,95
BRDA:97,6,1,95
BRF:12
BRH:10
end_of_record
TN:
SF:libs\hacker-news-api\index.js
FNF:0
FNH:0
DA:1,1
LF:1
LH:1
BRF:0
BRH:0
end_of_record
TN:
SF:libs\html-scrape\index.js
FN:22,(anonymous_0)
FN:24,(anonymous_1)
FN:26,(anonymous_2)
FN:50,(anonymous_3)
FN:64,(anonymous_4)
FN:92,(anonymous_5)
FNF:6
FNH:6
FNDA:3,(anonymous_0)
FNDA:11,(anonymous_1)
FNDA:68,(anonymous_2)
FNDA:14,(anonymous_3)
FNDA:7,(anonymous_4)
FNDA:4,(anonymous_5)
DA:5,1
DA:6,1
DA:7,1
DA:8,1
DA:11,1
DA:13,1
DA:22,1
DA:24,3
DA:25,11
DA:26,10
DA:27,68
DA:28,51
DA:31,51
DA:32,0
DA:36,51
DA:37,51
DA:39,68
DA:41,10
DA:42,10
DA:43,10
DA:46,3
DA:47,3
DA:48,8
DA:49,8
DA:50,14
DA:51,8
DA:53,8
DA:55,3
DA:64,1
DA:65,7
DA:68,7
DA:69,7
DA:71,1
DA:75,6
DA:76,2
DA:77,2
DA:78,2
DA:81,4
DA:82,4
DA:83,4
DA:92,4
DA:93,4
DA:94,1
DA:95,1
DA:97,3
DA:98,3
DA:99,0
DA:100,0
DA:101,3
DA:104,4
DA:115,1
LF:51
LH:48
BRDA:22,0,0,0
BRDA:25,1,0,1
BRDA:25,1,1,10
BRDA:27,2,0,51
BRDA:27,2,1,17
BRDA:27,3,0,68
BRDA:27,3,1,51
BRDA:28,4,0,51
BRDA:28,4,1,0
BRDA:28,5,0,51
BRDA:28,5,1,0
BRDA:31,6,0,0
BRDA:31,6,1,51
BRDA:36,7,0,51
BRDA:36,7,1,0
BRDA:37,8,0,14
BRDA:37,8,1,37
BRDA:37,9,0,51
BRDA:37,9,1,51
BRDA:37,9,2,51
BRDA:42,10,0,2
BRDA:42,10,1,8
BRDA:49,11,0,8
BRDA:49,11,1,0
BRDA:64,12,0,0
BRDA:64,13,0,7
BRDA:65,14,0,0
BRDA:65,14,1,7
BRDA:75,15,0,2
BRDA:75,15,1,4
BRDA:93,16,0,1
BRDA:93,16,1,3
BRDA:93,17,0,4
BRDA:93,17,1,3
BRDA:98,18,0,0
BRDA:98,18,1,3
BRF:36
BRH:27
end_of_record
TN:
SF:libs\routes\api.router.js
FN:11,(anonymous_0)
FN:33,(anonymous_1)
FNF:2
FNH:1
FNDA:1,(anonymous_0)
FNDA:0,(anonymous_1)
DA:11,1
DA:12,1
DA:13,1
DA:14,1
DA:15,1
DA:18,1
DA:29,1
DA:30,1
DA:31,1
DA:33,1
DA:34,0
DA:37,1
LF:12
LH:11
BRDA:11,0,0,0
BRF:1
BRH:0
end_of_record
TN:
SF:libs\routes\xyz.router.js
FN:11,(anonymous_0)
FNF:1
FNH:1
FNDA:1,(anonymous_0)
DA:11,1
DA:12,1
DA:13,1
DA:14,1
DA:17,1
DA:25,1
DA:26,1
LF:7
LH:7
BRDA:11,0,0,0
BRF:1
BRH:0
end_of_record
